Mon Apr 18 23:46:06 MSK 2016
/net/server/data/programs/platon/prj/pmwords/freesurfer/avg/surf
--out rh.pial.avg.area.mgh --f /tmp/subjlist.4660 --target avg --hemi rh --area pial --mean --surfreg sphere.reg
Linux cruncher.meg-local.ru 2.6.32-573.12.1.el6.x86_64 #1 SMP Tue Dec 15 08:24:23 CST 2015 x86_64 x86_64 x86_64 GNU/Linux
setenv SUBJECTS_DIR /net/server/data/programs/platon/prj/pmwords/freesurfer/
tmpdir is ./tmp.mris_preproc.8771



---------------------------------------------------
#@# 1/27 Shulga_Kirill Mon Apr 18 23:46:07 MSK 2016 --------------
-----------------------
mri_surf2surf --hemi rh --srcsubject Shulga_Kirill --surfreg sphere.reg --sval-area pial --jac --trgsubject avg --tval ./tmp.mris_preproc.8771/Shulga_Kirill.1.mgh --noreshape
Source registration surface changed to sphere.reg
Target registration surface changed to sphere.reg
srcsubject = Shulga_Kirill
srcval     = (null)
srctype    = 
trgsubject = avg
trgval     = ./tmp.mris_preproc.8771/Shulga_Kirill.1.mgh
trgtype    = 
srcsurfreg = sphere.reg
trgsurfreg = sphere.reg
srchemi    = rh
trghemi    = rh
frame      = 0
fwhm-in    = 0
fwhm-out   = 0
label-src  = (null)
label-trg  = (null)
Reading source surface reg /net/server/data/programs/platon/prj/pmwords/freesurfer//Shulga_Kirill/surf/rh.sphere.reg
Loading source data
Reading surface file /net/server/data/programs/platon/prj/pmwords/freesurfer//Shulga_Kirill/surf/rh.pial
INFO: surfcluster: NOT fixing group surface area
Reading target surface reg /net/server/data/programs/platon/prj/pmwords/freesurfer//avg/surf/rh.sphere.reg
Done
Mapping Source Volume onto Source Subject Surface with Jacobian Correction
surf2surf_nnfr: building source hash (res=16).
Surf2Surf: 1st Forward Loop (163842)

surf2surf_nnfr: building target hash (res=16).
Surf2Surf: Reverse Loop (170756)
Reverse Loop had 46701 hits
INFO: nSrcLost = 0
nTrg121 = 131742, nTrgMulti = 32100, MnTrgMultiHits = 2.45486
nSrc121 = 138692, nSrcLost =     0, nSrcMulti = 32064, MnSrcMultiHits = 2.24086
Saving target data



---------------------------------------------------
#@# 2/27 Shaballin_Konstantin Mon Apr 18 23:46:21 MSK 2016 --------------
-----------------------
mri_surf2surf --hemi rh --srcsubject Shaballin_Konstantin --surfreg sphere.reg --sval-area pial --jac --trgsubject avg --tval ./tmp.mris_preproc.8771/Shaballin_Konstantin.2.mgh --noreshape
Source registration surface changed to sphere.reg
Target registration surface changed to sphere.reg
srcsubject = Shaballin_Konstantin
srcval     = (null)
srctype    = 
trgsubject = avg
trgval     = ./tmp.mris_preproc.8771/Shaballin_Konstantin.2.mgh
trgtype    = 
srcsurfreg = sphere.reg
trgsurfreg = sphere.reg
srchemi    = rh
trghemi    = rh
frame      = 0
fwhm-in    = 0
fwhm-out   = 0
label-src  = (null)
label-trg  = (null)
Reading source surface reg /net/server/data/programs/platon/prj/pmwords/freesurfer//Shaballin_Konstantin/surf/rh.sphere.reg
Loading source data
Reading surface file /net/server/data/programs/platon/prj/pmwords/freesurfer//Shaballin_Konstantin/surf/rh.pial
INFO: surfcluster: NOT fixing group surface area
Reading target surface reg /net/server/data/programs/platon/prj/pmwords/freesurfer//avg/surf/rh.sphere.reg
Done
Mapping Source Volume onto Source Subject Surface with Jacobian Correction
surf2surf_nnfr: building source hash (res=16).
Surf2Surf: 1st Forward Loop (163842)

surf2surf_nnfr: building target hash (res=16).
Surf2Surf: Reverse Loop (170810)
Reverse Loop had 46930 hits
INFO: nSrcLost = 0
nTrg121 = 130551, nTrgMulti = 33291, MnTrgMultiHits = 2.40969
nSrc121 = 138617, nSrcLost =     0, nSrcMulti = 32193, MnSrcMultiHits = 2.24133
Saving target data



---------------------------------------------------
#@# 3/27 Garifulin_Dmitriy Mon Apr 18 23:46:35 MSK 2016 --------------
-----------------------
mri_surf2surf --hemi rh --srcsubject Garifulin_Dmitriy --surfreg sphere.reg --sval-area pial --jac --trgsubject avg --tval ./tmp.mris_preproc.8771/Garifulin_Dmitriy.3.mgh --noreshape
Source registration surface changed to sphere.reg
Target registration surface changed to sphere.reg
srcsubject = Garifulin_Dmitriy
srcval     = (null)
srctype    = 
trgsubject = avg
trgval     = ./tmp.mris_preproc.8771/Garifulin_Dmitriy.3.mgh
trgtype    = 
srcsurfreg = sphere.reg
trgsurfreg = sphere.reg
srchemi    = rh
trghemi    = rh
frame      = 0
fwhm-in    = 0
fwhm-out   = 0
label-src  = (null)
label-trg  = (null)
Reading source surface reg /net/server/data/programs/platon/prj/pmwords/freesurfer//Garifulin_Dmitriy/surf/rh.sphere.reg
Loading source data
Reading surface file /net/server/data/programs/platon/prj/pmwords/freesurfer//Garifulin_Dmitriy/surf/rh.pial
INFO: surfcluster: NOT fixing group surface area
Reading target surface reg /net/server/data/programs/platon/prj/pmwords/freesurfer//avg/surf/rh.sphere.reg
Done
Mapping Source Volume onto Source Subject Surface with Jacobian Correction
surf2surf_nnfr: building source hash (res=16).
Surf2Surf: 1st Forward Loop (163842)

surf2surf_nnfr: building target hash (res=16).
Surf2Surf: Reverse Loop (138867)
Reverse Loop had 27334 hits
INFO: nSrcLost = 0
nTrg121 = 143501, nTrgMulti = 20341, MnTrgMultiHits = 2.34379
nSrc121 = 99321, nSrcLost =     0, nSrcMulti = 39546, MnSrcMultiHits = 2.32274
Saving target data



---------------------------------------------------
#@# 4/27 Kovalev_Dmitriy Mon Apr 18 23:46:47 MSK 2016 --------------
-----------------------
mri_surf2surf --hemi rh --srcsubject Kovalev_Dmitriy --surfreg sphere.reg --sval-area pial --jac --trgsubject avg --tval ./tmp.mris_preproc.8771/Kovalev_Dmitriy.4.mgh --noreshape
Source registration surface changed to sphere.reg
Target registration surface changed to sphere.reg
srcsubject = Kovalev_Dmitriy
srcval     = (null)
srctype    = 
trgsubject = avg
trgval     = ./tmp.mris_preproc.8771/Kovalev_Dmitriy.4.mgh
trgtype    = 
srcsurfreg = sphere.reg
trgsurfreg = sphere.reg
srchemi    = rh
trghemi    = rh
frame      = 0
fwhm-in    = 0
fwhm-out   = 0
label-src  = (null)
label-trg  = (null)
Reading source surface reg /net/server/data/programs/platon/prj/pmwords/freesurfer//Kovalev_Dmitriy/surf/rh.sphere.reg
Loading source data
Reading surface file /net/server/data/programs/platon/prj/pmwords/freesurfer//Kovalev_Dmitriy/surf/rh.pial
INFO: surfcluster: NOT fixing group surface area
Reading target surface reg /net/server/data/programs/platon/prj/pmwords/freesurfer//avg/surf/rh.sphere.reg
Done
Mapping Source Volume onto Source Subject Surface with Jacobian Correction
surf2surf_nnfr: building source hash (res=16).
Surf2Surf: 1st Forward Loop (163842)

surf2surf_nnfr: building target hash (res=16).
Surf2Surf: Reverse Loop (143762)
Reverse Loop had 30151 hits
INFO: nSrcLost = 0
nTrg121 = 142494, nTrgMulti = 21348, MnTrgMultiHits = 2.41236
nSrc121 = 104622, nSrcLost =     0, nSrcMulti = 39140, MnSrcMultiHits = 2.28337
Saving target data



---------------------------------------------------
#@# 5/27 Goyaeva_Dzerassa Mon Apr 18 23:46:59 MSK 2016 --------------
-----------------------
mri_surf2surf --hemi rh --srcsubject Goyaeva_Dzerassa --surfreg sphere.reg --sval-area pial --jac --trgsubject avg --tval ./tmp.mris_preproc.8771/Goyaeva_Dzerassa.5.mgh --noreshape
Source registration surface changed to sphere.reg
Target registration surface changed to sphere.reg
srcsubject = Goyaeva_Dzerassa
srcval     = (null)
srctype    = 
trgsubject = avg
trgval     = ./tmp.mris_preproc.8771/Goyaeva_Dzerassa.5.mgh
trgtype    = 
srcsurfreg = sphere.reg
trgsurfreg = sphere.reg
srchemi    = rh
trghemi    = rh
frame      = 0
fwhm-in    = 0
fwhm-out   = 0
label-src  = (null)
label-trg  = (null)
Reading source surface reg /net/server/data/programs/platon/prj/pmwords/freesurfer//Goyaeva_Dzerassa/surf/rh.sphere.reg
Loading source data
Reading surface file /net/server/data/programs/platon/prj/pmwords/freesurfer//Goyaeva_Dzerassa/surf/rh.pial
INFO: surfcluster: NOT fixing group surface area
Reading target surface reg /net/server/data/programs/platon/prj/pmwords/freesurfer//avg/surf/rh.sphere.reg
Done
Mapping Source Volume onto Source Subject Surface with Jacobian Correction
surf2surf_nnfr: building source hash (res=16).
Surf2Surf: 1st Forward Loop (163842)

surf2surf_nnfr: building target hash (res=16).
Surf2Surf: Reverse Loop (132987)
Reverse Loop had 23693 hits
INFO: nSrcLost = 0
nTrg121 = 146411, nTrgMulti = 17431, MnTrgMultiHits = 2.35925
nSrc121 = 91354, nSrcLost =     0, nSrcMulti = 41633, MnSrcMultiHits = 2.31021
Saving target data



---------------------------------------------------
#@# 6/27 Biryukov_Aleksey Mon Apr 18 23:47:11 MSK 2016 --------------
-----------------------
mri_surf2surf --hemi rh --srcsubject Biryukov_Aleksey --surfreg sphere.reg --sval-area pial --jac --trgsubject avg --tval ./tmp.mris_preproc.8771/Biryukov_Aleksey.6.mgh --noreshape
Source registration surface changed to sphere.reg
Target registration surface changed to sphere.reg
srcsubject = Biryukov_Aleksey
srcval     = (null)
srctype    = 
trgsubject = avg
trgval     = ./tmp.mris_preproc.8771/Biryukov_Aleksey.6.mgh
trgtype    = 
srcsurfreg = sphere.reg
trgsurfreg = sphere.reg
srchemi    = rh
trghemi    = rh
frame      = 0
fwhm-in    = 0
fwhm-out   = 0
label-src  = (null)
label-trg  = (null)
Reading source surface reg /net/server/data/programs/platon/prj/pmwords/freesurfer//Biryukov_Aleksey/surf/rh.sphere.reg
Loading source data
Reading surface file /net/server/data/programs/platon/prj/pmwords/freesurfer//Biryukov_Aleksey/surf/rh.pial
INFO: surfcluster: NOT fixing group surface area
Reading target surface reg /net/server/data/programs/platon/prj/pmwords/freesurfer//avg/surf/rh.sphere.reg
Done
Mapping Source Volume onto Source Subject Surface with Jacobian Correction
surf2surf_nnfr: building source hash (res=16).
Surf2Surf: 1st Forward Loop (163842)

surf2surf_nnfr: building target hash (res=16).
Surf2Surf: Reverse Loop (160848)
Reverse Loop had 38626 hits
INFO: nSrcLost = 0
nTrg121 = 134927, nTrgMulti = 28915, MnTrgMultiHits = 2.33585
nSrc121 = 127329, nSrcLost =     0, nSrcMulti = 33519, MnSrcMultiHits = 2.24168
Saving target data



---------------------------------------------------
#@# 7/27 Lashkov_Andrey Mon Apr 18 23:47:25 MSK 2016 --------------
-----------------------
mri_surf2surf --hemi rh --srcsubject Lashkov_Andrey --surfreg sphere.reg --sval-area pial --jac --trgsubject avg --tval ./tmp.mris_preproc.8771/Lashkov_Andrey.7.mgh --noreshape
Source registration surface changed to sphere.reg
Target registration surface changed to sphere.reg
srcsubject = Lashkov_Andrey
srcval     = (null)
srctype    = 
trgsubject = avg
trgval     = ./tmp.mris_preproc.8771/Lashkov_Andrey.7.mgh
trgtype    = 
srcsurfreg = sphere.reg
trgsurfreg = sphere.reg
srchemi    = rh
trghemi    = rh
frame      = 0
fwhm-in    = 0
fwhm-out   = 0
label-src  = (null)
label-trg  = (null)
Reading source surface reg /net/server/data/programs/platon/prj/pmwords/freesurfer//Lashkov_Andrey/surf/rh.sphere.reg
Loading source data
Reading surface file /net/server/data/programs/platon/prj/pmwords/freesurfer//Lashkov_Andrey/surf/rh.pial
INFO: surfcluster: NOT fixing group surface area
Reading target surface reg /net/server/data/programs/platon/prj/pmwords/freesurfer//avg/surf/rh.sphere.reg
Done
Mapping Source Volume onto Source Subject Surface with Jacobian Correction
surf2surf_nnfr: building source hash (res=16).
Surf2Surf: 1st Forward Loop (163842)

surf2surf_nnfr: building target hash (res=16).
Surf2Surf: Reverse Loop (161292)
Reverse Loop had 41687 hits
INFO: nSrcLost = 0
nTrg121 = 134085, nTrgMulti = 29757, MnTrgMultiHits = 2.40091
nSrc121 = 126566, nSrcLost =     0, nSrcMulti = 34726, MnSrcMultiHits = 2.27389
Saving target data



---------------------------------------------------
#@# 8/27 Skokova_Julia Mon Apr 18 23:47:39 MSK 2016 --------------
-----------------------
mri_surf2surf --hemi rh --srcsubject Skokova_Julia --surfreg sphere.reg --sval-area pial --jac --trgsubject avg --tval ./tmp.mris_preproc.8771/Skokova_Julia.8.mgh --noreshape
Source registration surface changed to sphere.reg
Target registration surface changed to sphere.reg
srcsubject = Skokova_Julia
srcval     = (null)
srctype    = 
trgsubject = avg
trgval     = ./tmp.mris_preproc.8771/Skokova_Julia.8.mgh
trgtype    = 
srcsurfreg = sphere.reg
trgsurfreg = sphere.reg
srchemi    = rh
trghemi    = rh
frame      = 0
fwhm-in    = 0
fwhm-out   = 0
label-src  = (null)
label-trg  = (null)
Reading source surface reg /net/server/data/programs/platon/prj/pmwords/freesurfer//Skokova_Julia/surf/rh.sphere.reg
Loading source data
Reading surface file /net/server/data/programs/platon/prj/pmwords/freesurfer//Skokova_Julia/surf/rh.pial
INFO: surfcluster: NOT fixing group surface area
Reading target surface reg /net/server/data/programs/platon/prj/pmwords/freesurfer//avg/surf/rh.sphere.reg
Done
Mapping Source Volume onto Source Subject Surface with Jacobian Correction
surf2surf_nnfr: building source hash (res=16).
Surf2Surf: 1st Forward Loop (163842)

surf2surf_nnfr: building target hash (res=16).
Surf2Surf: Reverse Loop (131224)
Reverse Loop had 23441 hits
INFO: nSrcLost = 0
nTrg121 = 146304, nTrgMulti = 17538, MnTrgMultiHits = 2.33658
nSrc121 = 89199, nSrcLost =     0, nSrcMulti = 42025, MnSrcMultiHits = 2.33394
Saving target data



---------------------------------------------------
#@# 9/27 Masleniy_Evgeniy Mon Apr 18 23:47:51 MSK 2016 --------------
-----------------------
mri_surf2surf --hemi rh --srcsubject Masleniy_Evgeniy --surfreg sphere.reg --sval-area pial --jac --trgsubject avg --tval ./tmp.mris_preproc.8771/Masleniy_Evgeniy.9.mgh --noreshape
Source registration surface changed to sphere.reg
Target registration surface changed to sphere.reg
srcsubject = Masleniy_Evgeniy
srcval     = (null)
srctype    = 
trgsubject = avg
trgval     = ./tmp.mris_preproc.8771/Masleniy_Evgeniy.9.mgh
trgtype    = 
srcsurfreg = sphere.reg
trgsurfreg = sphere.reg
srchemi    = rh
trghemi    = rh
frame      = 0
fwhm-in    = 0
fwhm-out   = 0
label-src  = (null)
label-trg  = (null)
Reading source surface reg /net/server/data/programs/platon/prj/pmwords/freesurfer//Masleniy_Evgeniy/surf/rh.sphere.reg
Loading source data
Reading surface file /net/server/data/programs/platon/prj/pmwords/freesurfer//Masleniy_Evgeniy/surf/rh.pial
INFO: surfcluster: NOT fixing group surface area
Reading target surface reg /net/server/data/programs/platon/prj/pmwords/freesurfer//avg/surf/rh.sphere.reg
Done
Mapping Source Volume onto Source Subject Surface with Jacobian Correction
surf2surf_nnfr: building source hash (res=16).
Surf2Surf: 1st Forward Loop (163842)

surf2surf_nnfr: building target hash (res=16).
Surf2Surf: Reverse Loop (157253)
Reverse Loop had 39317 hits
INFO: nSrcLost = 0
nTrg121 = 136177, nTrgMulti = 27665, MnTrgMultiHits = 2.42118
nSrc121 = 121815, nSrcLost =     0, nSrcMulti = 35438, MnSrcMultiHits = 2.29539
Saving target data



---------------------------------------------------
#@# 10/27 Timonov_Evgeniy Mon Apr 18 23:48:05 MSK 2016 --------------
-----------------------
mri_surf2surf --hemi rh --srcsubject Timonov_Evgeniy --surfreg sphere.reg --sval-area pial --jac --trgsubject avg --tval ./tmp.mris_preproc.8771/Timonov_Evgeniy.10.mgh --noreshape
Source registration surface changed to sphere.reg
Target registration surface changed to sphere.reg
srcsubject = Timonov_Evgeniy
srcval     = (null)
srctype    = 
trgsubject = avg
trgval     = ./tmp.mris_preproc.8771/Timonov_Evgeniy.10.mgh
trgtype    = 
srcsurfreg = sphere.reg
trgsurfreg = sphere.reg
srchemi    = rh
trghemi    = rh
frame      = 0
fwhm-in    = 0
fwhm-out   = 0
label-src  = (null)
label-trg  = (null)
Reading source surface reg /net/server/data/programs/platon/prj/pmwords/freesurfer//Timonov_Evgeniy/surf/rh.sphere.reg
Loading source data
Reading surface file /net/server/data/programs/platon/prj/pmwords/freesurfer//Timonov_Evgeniy/surf/rh.pial
INFO: surfcluster: NOT fixing group surface area
Reading target surface reg /net/server/data/programs/platon/prj/pmwords/freesurfer//avg/surf/rh.sphere.reg
Done
Mapping Source Volume onto Source Subject Surface with Jacobian Correction
surf2surf_nnfr: building source hash (res=16).
Surf2Surf: 1st Forward Loop (163842)

surf2surf_nnfr: building target hash (res=16).
Surf2Surf: Reverse Loop (129706)
Reverse Loop had 22399 hits
INFO: nSrcLost = 0
nTrg121 = 146933, nTrgMulti = 16909, MnTrgMultiHits = 2.32468
nSrc121 = 87461, nSrcLost =     0, nSrcMulti = 42245, MnSrcMultiHits = 2.33826
Saving target data



---------------------------------------------------
#@# 11/27 Nazarova_Maria Mon Apr 18 23:48:16 MSK 2016 --------------
-----------------------
mri_surf2surf --hemi rh --srcsubject Nazarova_Maria --surfreg sphere.reg --sval-area pial --jac --trgsubject avg --tval ./tmp.mris_preproc.8771/Nazarova_Maria.11.mgh --noreshape
Source registration surface changed to sphere.reg
Target registration surface changed to sphere.reg
srcsubject = Nazarova_Maria
srcval     = (null)
srctype    = 
trgsubject = avg
trgval     = ./tmp.mris_preproc.8771/Nazarova_Maria.11.mgh
trgtype    = 
srcsurfreg = sphere.reg
trgsurfreg = sphere.reg
srchemi    = rh
trghemi    = rh
frame      = 0
fwhm-in    = 0
fwhm-out   = 0
label-src  = (null)
label-trg  = (null)
Reading source surface reg /net/server/data/programs/platon/prj/pmwords/freesurfer//Nazarova_Maria/surf/rh.sphere.reg
Loading source data
Reading surface file /net/server/data/programs/platon/prj/pmwords/freesurfer//Nazarova_Maria/surf/rh.pial
INFO: surfcluster: NOT fixing group surface area
Reading target surface reg /net/server/data/programs/platon/prj/pmwords/freesurfer//avg/surf/rh.sphere.reg
Done
Mapping Source Volume onto Source Subject Surface with Jacobian Correction
surf2surf_nnfr: building source hash (res=16).
Surf2Surf: 1st Forward Loop (163842)

surf2surf_nnfr: building target hash (res=16).
Surf2Surf: Reverse Loop (127220)
Reverse Loop had 21033 hits
INFO: nSrcLost = 0
nTrg121 = 148348, nTrgMulti = 15494, MnTrgMultiHits = 2.35749
nSrc121 = 83736, nSrcLost =     0, nSrcMulti = 43484, MnSrcMultiHits = 2.32589
Saving target data



---------------------------------------------------
#@# 12/27 Skovorodko_Olga Mon Apr 18 23:48:26 MSK 2016 --------------
-----------------------
mri_surf2surf --hemi rh --srcsubject Skovorodko_Olga --surfreg sphere.reg --sval-area pial --jac --trgsubject avg --tval ./tmp.mris_preproc.8771/Skovorodko_Olga.12.mgh --noreshape
Source registration surface changed to sphere.reg
Target registration surface changed to sphere.reg
srcsubject = Skovorodko_Olga
srcval     = (null)
srctype    = 
trgsubject = avg
trgval     = ./tmp.mris_preproc.8771/Skovorodko_Olga.12.mgh
trgtype    = 
srcsurfreg = sphere.reg
trgsurfreg = sphere.reg
srchemi    = rh
trghemi    = rh
frame      = 0
fwhm-in    = 0
fwhm-out   = 0
label-src  = (null)
label-trg  = (null)
Reading source surface reg /net/server/data/programs/platon/prj/pmwords/freesurfer//Skovorodko_Olga/surf/rh.sphere.reg
Loading source data
Reading surface file /net/server/data/programs/platon/prj/pmwords/freesurfer//Skovorodko_Olga/surf/rh.pial
INFO: surfcluster: NOT fixing group surface area
Reading target surface reg /net/server/data/programs/platon/prj/pmwords/freesurfer//avg/surf/rh.sphere.reg
Done
Mapping Source Volume onto Source Subject Surface with Jacobian Correction
surf2surf_nnfr: building source hash (res=16).
Surf2Surf: 1st Forward Loop (163842)

surf2surf_nnfr: building target hash (res=16).
Surf2Surf: Reverse Loop (137488)
Reverse Loop had 26260 hits
INFO: nSrcLost = 0
nTrg121 = 144543, nTrgMulti = 19299, MnTrgMultiHits = 2.36069
nSrc121 = 97014, nSrcLost =     0, nSrcMulti = 40474, MnSrcMultiHits = 2.29995
Saving target data



---------------------------------------------------
#@# 13/27 Galyuta_Ilia Mon Apr 18 23:48:38 MSK 2016 --------------
-----------------------
mri_surf2surf --hemi rh --srcsubject Galyuta_Ilia --surfreg sphere.reg --sval-area pial --jac --trgsubject avg --tval ./tmp.mris_preproc.8771/Galyuta_Ilia.13.mgh --noreshape
Source registration surface changed to sphere.reg
Target registration surface changed to sphere.reg
srcsubject = Galyuta_Ilia
srcval     = (null)
srctype    = 
trgsubject = avg
trgval     = ./tmp.mris_preproc.8771/Galyuta_Ilia.13.mgh
trgtype    = 
srcsurfreg = sphere.reg
trgsurfreg = sphere.reg
srchemi    = rh
trghemi    = rh
frame      = 0
fwhm-in    = 0
fwhm-out   = 0
label-src  = (null)
label-trg  = (null)
Reading source surface reg /net/server/data/programs/platon/prj/pmwords/freesurfer//Galyuta_Ilia/surf/rh.sphere.reg
Loading source data
Reading surface file /net/server/data/programs/platon/prj/pmwords/freesurfer//Galyuta_Ilia/surf/rh.pial
INFO: surfcluster: NOT fixing group surface area
Reading target surface reg /net/server/data/programs/platon/prj/pmwords/freesurfer//avg/surf/rh.sphere.reg
Done
Mapping Source Volume onto Source Subject Surface with Jacobian Correction
surf2surf_nnfr: building source hash (res=16).
Surf2Surf: 1st Forward Loop (163842)

surf2surf_nnfr: building target hash (res=16).
Surf2Surf: Reverse Loop (141268)
Reverse Loop had 28256 hits
INFO: nSrcLost = 0
nTrg121 = 142769, nTrgMulti = 21073, MnTrgMultiHits = 2.34086
nSrc121 = 101811, nSrcLost =     0, nSrcMulti = 39457, MnSrcMultiHits = 2.28824
Saving target data



---------------------------------------------------
#@# 14/27 Gniteeva_Lyudmila Mon Apr 18 23:48:50 MSK 2016 --------------
-----------------------
mri_surf2surf --hemi rh --srcsubject Gniteeva_Lyudmila --surfreg sphere.reg --sval-area pial --jac --trgsubject avg --tval ./tmp.mris_preproc.8771/Gniteeva_Lyudmila.14.mgh --noreshape
Source registration surface changed to sphere.reg
Target registration surface changed to sphere.reg
srcsubject = Gniteeva_Lyudmila
srcval     = (null)
srctype    = 
trgsubject = avg
trgval     = ./tmp.mris_preproc.8771/Gniteeva_Lyudmila.14.mgh
trgtype    = 
srcsurfreg = sphere.reg
trgsurfreg = sphere.reg
srchemi    = rh
trghemi    = rh
frame      = 0
fwhm-in    = 0
fwhm-out   = 0
label-src  = (null)
label-trg  = (null)
Reading source surface reg /net/server/data/programs/platon/prj/pmwords/freesurfer//Gniteeva_Lyudmila/surf/rh.sphere.reg
Loading source data
Reading surface file /net/server/data/programs/platon/prj/pmwords/freesurfer//Gniteeva_Lyudmila/surf/rh.pial
INFO: surfcluster: NOT fixing group surface area
Reading target surface reg /net/server/data/programs/platon/prj/pmwords/freesurfer//avg/surf/rh.sphere.reg
Done
Mapping Source Volume onto Source Subject Surface with Jacobian Correction
surf2surf_nnfr: building source hash (res=16).
Surf2Surf: 1st Forward Loop (163842)

surf2surf_nnfr: building target hash (res=16).
Surf2Surf: Reverse Loop (114521)
Reverse Loop had 16587 hits
INFO: nSrcLost = 0
nTrg121 = 151915, nTrgMulti = 11927, MnTrgMultiHits = 2.39071
nSrc121 = 68606, nSrcLost =     0, nSrcMulti = 45915, MnSrcMultiHits = 2.43544
Saving target data



---------------------------------------------------
#@# 15/27 Arkhipova_Elena Mon Apr 18 23:49:00 MSK 2016 --------------
-----------------------
mri_surf2surf --hemi rh --srcsubject Arkhipova_Elena --surfreg sphere.reg --sval-area pial --jac --trgsubject avg --tval ./tmp.mris_preproc.8771/Arkhipova_Elena.15.mgh --noreshape
Source registration surface changed to sphere.reg
Target registration surface changed to sphere.reg
srcsubject = Arkhipova_Elena
srcval     = (null)
srctype    = 
trgsubject = avg
trgval     = ./tmp.mris_preproc.8771/Arkhipova_Elena.15.mgh
trgtype    = 
srcsurfreg = sphere.reg
trgsurfreg = sphere.reg
srchemi    = rh
trghemi    = rh
frame      = 0
fwhm-in    = 0
fwhm-out   = 0
label-src  = (null)
label-trg  = (null)
Reading source surface reg /net/server/data/programs/platon/prj/pmwords/freesurfer//Arkhipova_Elena/surf/rh.sphere.reg
Loading source data
Reading surface file /net/server/data/programs/platon/prj/pmwords/freesurfer//Arkhipova_Elena/surf/rh.pial
INFO: surfcluster: NOT fixing group surface area
Reading target surface reg /net/server/data/programs/platon/prj/pmwords/freesurfer//avg/surf/rh.sphere.reg
Done
Mapping Source Volume onto Source Subject Surface with Jacobian Correction
surf2surf_nnfr: building source hash (res=16).
Surf2Surf: 1st Forward Loop (163842)

surf2surf_nnfr: building target hash (res=16).
Surf2Surf: Reverse Loop (140093)
Reverse Loop had 30135 hits
INFO: nSrcLost = 0
nTrg121 = 143212, nTrgMulti = 20630, MnTrgMultiHits = 2.46074
nSrc121 = 100065, nSrcLost =     0, nSrcMulti = 40028, MnSrcMultiHits = 2.34616
Saving target data



---------------------------------------------------
#@# 16/27 Rekubratskiy_Vitaliy Mon Apr 18 23:49:12 MSK 2016 --------------
-----------------------
mri_surf2surf --hemi rh --srcsubject Rekubratskiy_Vitaliy --surfreg sphere.reg --sval-area pial --jac --trgsubject avg --tval ./tmp.mris_preproc.8771/Rekubratskiy_Vitaliy.16.mgh --noreshape
Source registration surface changed to sphere.reg
Target registration surface changed to sphere.reg
srcsubject = Rekubratskiy_Vitaliy
srcval     = (null)
srctype    = 
trgsubject = avg
trgval     = ./tmp.mris_preproc.8771/Rekubratskiy_Vitaliy.16.mgh
trgtype    = 
srcsurfreg = sphere.reg
trgsurfreg = sphere.reg
srchemi    = rh
trghemi    = rh
frame      = 0
fwhm-in    = 0
fwhm-out   = 0
label-src  = (null)
label-trg  = (null)
Reading source surface reg /net/server/data/programs/platon/prj/pmwords/freesurfer//Rekubratskiy_Vitaliy/surf/rh.sphere.reg
Loading source data
Reading surface file /net/server/data/programs/platon/prj/pmwords/freesurfer//Rekubratskiy_Vitaliy/surf/rh.pial
INFO: surfcluster: NOT fixing group surface area
Reading target surface reg /net/server/data/programs/platon/prj/pmwords/freesurfer//avg/surf/rh.sphere.reg
Done
Mapping Source Volume onto Source Subject Surface with Jacobian Correction
surf2surf_nnfr: building source hash (res=16).
Surf2Surf: 1st Forward Loop (163842)

surf2surf_nnfr: building target hash (res=16).
Surf2Surf: Reverse Loop (147430)
Reverse Loop had 32042 hits
INFO: nSrcLost = 0
nTrg121 = 142878, nTrgMulti = 20964, MnTrgMultiHits = 2.52843
nSrc121 = 109718, nSrcLost =     0, nSrcMulti = 37712, MnSrcMultiHits = 2.28484
Saving target data



---------------------------------------------------
#@# 17/27 Slobodskoy_Yaroslav Mon Apr 18 23:49:24 MSK 2016 --------------
-----------------------
mri_surf2surf --hemi rh --srcsubject Slobodskoy_Yaroslav --surfreg sphere.reg --sval-area pial --jac --trgsubject avg --tval ./tmp.mris_preproc.8771/Slobodskoy_Yaroslav.17.mgh --noreshape
Source registration surface changed to sphere.reg
Target registration surface changed to sphere.reg
srcsubject = Slobodskoy_Yaroslav
srcval     = (null)
srctype    = 
trgsubject = avg
trgval     = ./tmp.mris_preproc.8771/Slobodskoy_Yaroslav.17.mgh
trgtype    = 
srcsurfreg = sphere.reg
trgsurfreg = sphere.reg
srchemi    = rh
trghemi    = rh
frame      = 0
fwhm-in    = 0
fwhm-out   = 0
label-src  = (null)
label-trg  = (null)
Reading source surface reg /net/server/data/programs/platon/prj/pmwords/freesurfer//Slobodskoy_Yaroslav/surf/rh.sphere.reg
Loading source data
Reading surface file /net/server/data/programs/platon/prj/pmwords/freesurfer//Slobodskoy_Yaroslav/surf/rh.pial
INFO: surfcluster: NOT fixing group surface area
Reading target surface reg /net/server/data/programs/platon/prj/pmwords/freesurfer//avg/surf/rh.sphere.reg
Done
Mapping Source Volume onto Source Subject Surface with Jacobian Correction
surf2surf_nnfr: building source hash (res=16).
Surf2Surf: 1st Forward Loop (163842)

surf2surf_nnfr: building target hash (res=16).
Surf2Surf: Reverse Loop (147356)
Reverse Loop had 32593 hits
INFO: nSrcLost = 0
nTrg121 = 140228, nTrgMulti = 23614, MnTrgMultiHits = 2.38024
nSrc121 = 109355, nSrcLost =     0, nSrcMulti = 38001, MnSrcMultiHits = 2.29152
Saving target data



---------------------------------------------------
#@# 18/27 Trufanova_Zhenya Mon Apr 18 23:49:36 MSK 2016 --------------
-----------------------
mri_surf2surf --hemi rh --srcsubject Trufanova_Zhenya --surfreg sphere.reg --sval-area pial --jac --trgsubject avg --tval ./tmp.mris_preproc.8771/Trufanova_Zhenya.18.mgh --noreshape
Source registration surface changed to sphere.reg
Target registration surface changed to sphere.reg
srcsubject = Trufanova_Zhenya
srcval     = (null)
srctype    = 
trgsubject = avg
trgval     = ./tmp.mris_preproc.8771/Trufanova_Zhenya.18.mgh
trgtype    = 
srcsurfreg = sphere.reg
trgsurfreg = sphere.reg
srchemi    = rh
trghemi    = rh
frame      = 0
fwhm-in    = 0
fwhm-out   = 0
label-src  = (null)
label-trg  = (null)
Reading source surface reg /net/server/data/programs/platon/prj/pmwords/freesurfer//Trufanova_Zhenya/surf/rh.sphere.reg
Loading source data
Reading surface file /net/server/data/programs/platon/prj/pmwords/freesurfer//Trufanova_Zhenya/surf/rh.pial
INFO: surfcluster: NOT fixing group surface area
Reading target surface reg /net/server/data/programs/platon/prj/pmwords/freesurfer//avg/surf/rh.sphere.reg
Done
Mapping Source Volume onto Source Subject Surface with Jacobian Correction
surf2surf_nnfr: building source hash (res=16).
Surf2Surf: 1st Forward Loop (163842)

surf2surf_nnfr: building target hash (res=16).
Surf2Surf: Reverse Loop (139579)
Reverse Loop had 28931 hits
INFO: nSrcLost = 0
nTrg121 = 143673, nTrgMulti = 20169, MnTrgMultiHits = 2.43443
nSrc121 = 99656, nSrcLost =     0, nSrcMulti = 39923, MnSrcMultiHits = 2.33241
Saving target data



---------------------------------------------------
#@# 19/27 Chukhutova_Galina Mon Apr 18 23:49:48 MSK 2016 --------------
-----------------------
mri_surf2surf --hemi rh --srcsubject Chukhutova_Galina --surfreg sphere.reg --sval-area pial --jac --trgsubject avg --tval ./tmp.mris_preproc.8771/Chukhutova_Galina.19.mgh --noreshape
Source registration surface changed to sphere.reg
Target registration surface changed to sphere.reg
srcsubject = Chukhutova_Galina
srcval     = (null)
srctype    = 
trgsubject = avg
trgval     = ./tmp.mris_preproc.8771/Chukhutova_Galina.19.mgh
trgtype    = 
srcsurfreg = sphere.reg
trgsurfreg = sphere.reg
srchemi    = rh
trghemi    = rh
frame      = 0
fwhm-in    = 0
fwhm-out   = 0
label-src  = (null)
label-trg  = (null)
Reading source surface reg /net/server/data/programs/platon/prj/pmwords/freesurfer//Chukhutova_Galina/surf/rh.sphere.reg
Loading source data
Reading surface file /net/server/data/programs/platon/prj/pmwords/freesurfer//Chukhutova_Galina/surf/rh.pial
INFO: surfcluster: NOT fixing group surface area
Reading target surface reg /net/server/data/programs/platon/prj/pmwords/freesurfer//avg/surf/rh.sphere.reg
Done
Mapping Source Volume onto Source Subject Surface with Jacobian Correction
surf2surf_nnfr: building source hash (res=16).
Surf2Surf: 1st Forward Loop (163842)

surf2surf_nnfr: building target hash (res=16).
Surf2Surf: Reverse Loop (123376)
Reverse Loop had 18923 hits
INFO: nSrcLost = 0
nTrg121 = 149453, nTrgMulti = 14389, MnTrgMultiHits = 2.3151
nSrc121 = 79463, nSrcLost =     0, nSrcMulti = 43913, MnSrcMultiHits = 2.35242
Saving target data



---------------------------------------------------
#@# 20/27 Sokolov_Boris Mon Apr 18 23:49:59 MSK 2016 --------------
-----------------------
mri_surf2surf --hemi rh --srcsubject Sokolov_Boris --surfreg sphere.reg --sval-area pial --jac --trgsubject avg --tval ./tmp.mris_preproc.8771/Sokolov_Boris.20.mgh --noreshape
Source registration surface changed to sphere.reg
Target registration surface changed to sphere.reg
srcsubject = Sokolov_Boris
srcval     = (null)
srctype    = 
trgsubject = avg
trgval     = ./tmp.mris_preproc.8771/Sokolov_Boris.20.mgh
trgtype    = 
srcsurfreg = sphere.reg
trgsurfreg = sphere.reg
srchemi    = rh
trghemi    = rh
frame      = 0
fwhm-in    = 0
fwhm-out   = 0
label-src  = (null)
label-trg  = (null)
Reading source surface reg /net/server/data/programs/platon/prj/pmwords/freesurfer//Sokolov_Boris/surf/rh.sphere.reg
Loading source data
Reading surface file /net/server/data/programs/platon/prj/pmwords/freesurfer//Sokolov_Boris/surf/rh.pial
INFO: surfcluster: NOT fixing group surface area
Reading target surface reg /net/server/data/programs/platon/prj/pmwords/freesurfer//avg/surf/rh.sphere.reg
Done
Mapping Source Volume onto Source Subject Surface with Jacobian Correction
surf2surf_nnfr: building source hash (res=16).
Surf2Surf: 1st Forward Loop (163842)

surf2surf_nnfr: building target hash (res=16).
Surf2Surf: Reverse Loop (151700)
Reverse Loop had 35164 hits
INFO: nSrcLost = 0
nTrg121 = 139231, nTrgMulti = 24611, MnTrgMultiHits = 2.42879
nSrc121 = 115082, nSrcLost =     0, nSrcMulti = 36618, MnSrcMultiHits = 2.29188
Saving target data



---------------------------------------------------
#@# 21/27 Vlasova_Roza Mon Apr 18 23:50:12 MSK 2016 --------------
-----------------------
mri_surf2surf --hemi rh --srcsubject Vlasova_Roza --surfreg sphere.reg --sval-area pial --jac --trgsubject avg --tval ./tmp.mris_preproc.8771/Vlasova_Roza.21.mgh --noreshape
Source registration surface changed to sphere.reg
Target registration surface changed to sphere.reg
srcsubject = Vlasova_Roza
srcval     = (null)
srctype    = 
trgsubject = avg
trgval     = ./tmp.mris_preproc.8771/Vlasova_Roza.21.mgh
trgtype    = 
srcsurfreg = sphere.reg
trgsurfreg = sphere.reg
srchemi    = rh
trghemi    = rh
frame      = 0
fwhm-in    = 0
fwhm-out   = 0
label-src  = (null)
label-trg  = (null)
Reading source surface reg /net/server/data/programs/platon/prj/pmwords/freesurfer//Vlasova_Roza/surf/rh.sphere.reg
Loading source data
Reading surface file /net/server/data/programs/platon/prj/pmwords/freesurfer//Vlasova_Roza/surf/rh.pial
INFO: surfcluster: NOT fixing group surface area
Reading target surface reg /net/server/data/programs/platon/prj/pmwords/freesurfer//avg/surf/rh.sphere.reg
Done
Mapping Source Volume onto Source Subject Surface with Jacobian Correction
surf2surf_nnfr: building source hash (res=16).
Surf2Surf: 1st Forward Loop (163842)

surf2surf_nnfr: building target hash (res=16).
Surf2Surf: Reverse Loop (133423)
Reverse Loop had 23401 hits
INFO: nSrcLost = 0
nTrg121 = 145932, nTrgMulti = 17910, MnTrgMultiHits = 2.30659
nSrc121 = 92380, nSrcLost =     0, nSrcMulti = 41043, MnSrcMultiHits = 2.31131
Saving target data



---------------------------------------------------
#@# 22/27 Filimonov_Rodion Mon Apr 18 23:50:23 MSK 2016 --------------
-----------------------
mri_surf2surf --hemi rh --srcsubject Filimonov_Rodion --surfreg sphere.reg --sval-area pial --jac --trgsubject avg --tval ./tmp.mris_preproc.8771/Filimonov_Rodion.22.mgh --noreshape
Source registration surface changed to sphere.reg
Target registration surface changed to sphere.reg
srcsubject = Filimonov_Rodion
srcval     = (null)
srctype    = 
trgsubject = avg
trgval     = ./tmp.mris_preproc.8771/Filimonov_Rodion.22.mgh
trgtype    = 
srcsurfreg = sphere.reg
trgsurfreg = sphere.reg
srchemi    = rh
trghemi    = rh
frame      = 0
fwhm-in    = 0
fwhm-out   = 0
label-src  = (null)
label-trg  = (null)
Reading source surface reg /net/server/data/programs/platon/prj/pmwords/freesurfer//Filimonov_Rodion/surf/rh.sphere.reg
Loading source data
Reading surface file /net/server/data/programs/platon/prj/pmwords/freesurfer//Filimonov_Rodion/surf/rh.pial
INFO: surfcluster: NOT fixing group surface area
Reading target surface reg /net/server/data/programs/platon/prj/pmwords/freesurfer//avg/surf/rh.sphere.reg
Done
Mapping Source Volume onto Source Subject Surface with Jacobian Correction
surf2surf_nnfr: building source hash (res=16).
Surf2Surf: 1st Forward Loop (163842)

surf2surf_nnfr: building target hash (res=16).
Surf2Surf: Reverse Loop (153579)
Reverse Loop had 36304 hits
INFO: nSrcLost = 0
nTrg121 = 137389, nTrgMulti = 26453, MnTrgMultiHits = 2.3724
nSrc121 = 117767, nSrcLost =     0, nSrcMulti = 35812, MnSrcMultiHits = 2.30032
Saving target data



---------------------------------------------------
#@# 23/27 Yarmolova_Elena Mon Apr 18 23:50:36 MSK 2016 --------------
-----------------------
mri_surf2surf --hemi rh --srcsubject Yarmolova_Elena --surfreg sphere.reg --sval-area pial --jac --trgsubject avg --tval ./tmp.mris_preproc.8771/Yarmolova_Elena.23.mgh --noreshape
Source registration surface changed to sphere.reg
Target registration surface changed to sphere.reg
srcsubject = Yarmolova_Elena
srcval     = (null)
srctype    = 
trgsubject = avg
trgval     = ./tmp.mris_preproc.8771/Yarmolova_Elena.23.mgh
trgtype    = 
srcsurfreg = sphere.reg
trgsurfreg = sphere.reg
srchemi    = rh
trghemi    = rh
frame      = 0
fwhm-in    = 0
fwhm-out   = 0
label-src  = (null)
label-trg  = (null)
Reading source surface reg /net/server/data/programs/platon/prj/pmwords/freesurfer//Yarmolova_Elena/surf/rh.sphere.reg
Loading source data
Reading surface file /net/server/data/programs/platon/prj/pmwords/freesurfer//Yarmolova_Elena/surf/rh.pial
INFO: surfcluster: NOT fixing group surface area
Reading target surface reg /net/server/data/programs/platon/prj/pmwords/freesurfer//avg/surf/rh.sphere.reg
Done
Mapping Source Volume onto Source Subject Surface with Jacobian Correction
surf2surf_nnfr: building source hash (res=16).
Surf2Surf: 1st Forward Loop (163842)

surf2surf_nnfr: building target hash (res=16).
Surf2Surf: Reverse Loop (133197)
Reverse Loop had 24232 hits
INFO: nSrcLost = 0
nTrg121 = 146241, nTrgMulti = 17601, MnTrgMultiHits = 2.37674
nSrc121 = 91902, nSrcLost =     0, nSrcMulti = 41295, MnSrcMultiHits = 2.3289
Saving target data



---------------------------------------------------
#@# 24/27 Spiridonov_Arseniy Mon Apr 18 23:50:47 MSK 2016 --------------
-----------------------
mri_surf2surf --hemi rh --srcsubject Spiridonov_Arseniy --surfreg sphere.reg --sval-area pial --jac --trgsubject avg --tval ./tmp.mris_preproc.8771/Spiridonov_Arseniy.24.mgh --noreshape
Source registration surface changed to sphere.reg
Target registration surface changed to sphere.reg
srcsubject = Spiridonov_Arseniy
srcval     = (null)
srctype    = 
trgsubject = avg
trgval     = ./tmp.mris_preproc.8771/Spiridonov_Arseniy.24.mgh
trgtype    = 
srcsurfreg = sphere.reg
trgsurfreg = sphere.reg
srchemi    = rh
trghemi    = rh
frame      = 0
fwhm-in    = 0
fwhm-out   = 0
label-src  = (null)
label-trg  = (null)
Reading source surface reg /net/server/data/programs/platon/prj/pmwords/freesurfer//Spiridonov_Arseniy/surf/rh.sphere.reg
Loading source data
Reading surface file /net/server/data/programs/platon/prj/pmwords/freesurfer//Spiridonov_Arseniy/surf/rh.pial
INFO: surfcluster: NOT fixing group surface area
Reading target surface reg /net/server/data/programs/platon/prj/pmwords/freesurfer//avg/surf/rh.sphere.reg
Done
Mapping Source Volume onto Source Subject Surface with Jacobian Correction
surf2surf_nnfr: building source hash (res=16).
Surf2Surf: 1st Forward Loop (163842)

surf2surf_nnfr: building target hash (res=16).
Surf2Surf: Reverse Loop (142141)
Reverse Loop had 27935 hits
INFO: nSrcLost = 0
nTrg121 = 143293, nTrgMulti = 20549, MnTrgMultiHits = 2.35943
nSrc121 = 103069, nSrcLost =     0, nSrcMulti = 39072, MnSrcMultiHits = 2.27037
Saving target data



---------------------------------------------------
#@# 25/27 Budulev_Nikita Mon Apr 18 23:50:59 MSK 2016 --------------
-----------------------
mri_surf2surf --hemi rh --srcsubject Budulev_Nikita --surfreg sphere.reg --sval-area pial --jac --trgsubject avg --tval ./tmp.mris_preproc.8771/Budulev_Nikita.25.mgh --noreshape
Source registration surface changed to sphere.reg
Target registration surface changed to sphere.reg
srcsubject = Budulev_Nikita
srcval     = (null)
srctype    = 
trgsubject = avg
trgval     = ./tmp.mris_preproc.8771/Budulev_Nikita.25.mgh
trgtype    = 
srcsurfreg = sphere.reg
trgsurfreg = sphere.reg
srchemi    = rh
trghemi    = rh
frame      = 0
fwhm-in    = 0
fwhm-out   = 0
label-src  = (null)
label-trg  = (null)
Reading source surface reg /net/server/data/programs/platon/prj/pmwords/freesurfer//Budulev_Nikita/surf/rh.sphere.reg
Loading source data
Reading surface file /net/server/data/programs/platon/prj/pmwords/freesurfer//Budulev_Nikita/surf/rh.pial
INFO: surfcluster: NOT fixing group surface area
Reading target surface reg /net/server/data/programs/platon/prj/pmwords/freesurfer//avg/surf/rh.sphere.reg
Done
Mapping Source Volume onto Source Subject Surface with Jacobian Correction
surf2surf_nnfr: building source hash (res=16).
Surf2Surf: 1st Forward Loop (163842)

surf2surf_nnfr: building target hash (res=16).
Surf2Surf: Reverse Loop (155427)
Reverse Loop had 38041 hits
INFO: nSrcLost = 0
nTrg121 = 137679, nTrgMulti = 26163, MnTrgMultiHits = 2.454
nSrc121 = 119087, nSrcLost =     0, nSrcMulti = 36340, MnSrcMultiHits = 2.27837
Saving target data



---------------------------------------------------
#@# 26/27 Kozlov_Alexey Mon Apr 18 23:51:12 MSK 2016 --------------
-----------------------
mri_surf2surf --hemi rh --srcsubject Kozlov_Alexey --surfreg sphere.reg --sval-area pial --jac --trgsubject avg --tval ./tmp.mris_preproc.8771/Kozlov_Alexey.26.mgh --noreshape
Source registration surface changed to sphere.reg
Target registration surface changed to sphere.reg
srcsubject = Kozlov_Alexey
srcval     = (null)
srctype    = 
trgsubject = avg
trgval     = ./tmp.mris_preproc.8771/Kozlov_Alexey.26.mgh
trgtype    = 
srcsurfreg = sphere.reg
trgsurfreg = sphere.reg
srchemi    = rh
trghemi    = rh
frame      = 0
fwhm-in    = 0
fwhm-out   = 0
label-src  = (null)
label-trg  = (null)
Reading source surface reg /net/server/data/programs/platon/prj/pmwords/freesurfer//Kozlov_Alexey/surf/rh.sphere.reg
Loading source data
Reading surface file /net/server/data/programs/platon/prj/pmwords/freesurfer//Kozlov_Alexey/surf/rh.pial
INFO: surfcluster: NOT fixing group surface area
Reading target surface reg /net/server/data/programs/platon/prj/pmwords/freesurfer//avg/surf/rh.sphere.reg
Done
Mapping Source Volume onto Source Subject Surface with Jacobian Correction
surf2surf_nnfr: building source hash (res=16).
Surf2Surf: 1st Forward Loop (163842)

surf2surf_nnfr: building target hash (res=16).
Surf2Surf: Reverse Loop (156184)
Reverse Loop had 37895 hits
INFO: nSrcLost = 0
nTrg121 = 138105, nTrgMulti = 25737, MnTrgMultiHits = 2.47239
nSrc121 = 119877, nSrcLost =     0, nSrcMulti = 36307, MnSrcMultiHits = 2.25466
Saving target data



---------------------------------------------------
#@# 27/27 Lomakin_Dmitriy Mon Apr 18 23:51:26 MSK 2016 --------------
-----------------------
mri_surf2surf --hemi rh --srcsubject Lomakin_Dmitriy --surfreg sphere.reg --sval-area pial --jac --trgsubject avg --tval ./tmp.mris_preproc.8771/Lomakin_Dmitriy.27.mgh --noreshape
Source registration surface changed to sphere.reg
Target registration surface changed to sphere.reg
srcsubject = Lomakin_Dmitriy
srcval     = (null)
srctype    = 
trgsubject = avg
trgval     = ./tmp.mris_preproc.8771/Lomakin_Dmitriy.27.mgh
trgtype    = 
srcsurfreg = sphere.reg
trgsurfreg = sphere.reg
srchemi    = rh
trghemi    = rh
frame      = 0
fwhm-in    = 0
fwhm-out   = 0
label-src  = (null)
label-trg  = (null)
Reading source surface reg /net/server/data/programs/platon/prj/pmwords/freesurfer//Lomakin_Dmitriy/surf/rh.sphere.reg
Loading source data
Reading surface file /net/server/data/programs/platon/prj/pmwords/freesurfer//Lomakin_Dmitriy/surf/rh.pial
INFO: surfcluster: NOT fixing group surface area
Reading target surface reg /net/server/data/programs/platon/prj/pmwords/freesurfer//avg/surf/rh.sphere.reg
Done
Mapping Source Volume onto Source Subject Surface with Jacobian Correction
surf2surf_nnfr: building source hash (res=16).
Surf2Surf: 1st Forward Loop (163842)

surf2surf_nnfr: building target hash (res=16).
Surf2Surf: Reverse Loop (148673)
Reverse Loop had 34219 hits
INFO: nSrcLost = 0
nTrg121 = 139986, nTrgMulti = 23856, MnTrgMultiHits = 2.4344
nSrc121 = 111126, nSrcLost =     0, nSrcMulti = 37547, MnSrcMultiHits = 2.31536
Saving target data



-----------------------
mri_concat ./tmp.mris_preproc.8771/Shulga_Kirill.1.mgh ./tmp.mris_preproc.8771/Shaballin_Konstantin.2.mgh ./tmp.mris_preproc.8771/Garifulin_Dmitriy.3.mgh ./tmp.mris_preproc.8771/Kovalev_Dmitriy.4.mgh ./tmp.mris_preproc.8771/Goyaeva_Dzerassa.5.mgh ./tmp.mris_preproc.8771/Biryukov_Aleksey.6.mgh ./tmp.mris_preproc.8771/Lashkov_Andrey.7.mgh ./tmp.mris_preproc.8771/Skokova_Julia.8.mgh ./tmp.mris_preproc.8771/Masleniy_Evgeniy.9.mgh ./tmp.mris_preproc.8771/Timonov_Evgeniy.10.mgh ./tmp.mris_preproc.8771/Nazarova_Maria.11.mgh ./tmp.mris_preproc.8771/Skovorodko_Olga.12.mgh ./tmp.mris_preproc.8771/Galyuta_Ilia.13.mgh ./tmp.mris_preproc.8771/Gniteeva_Lyudmila.14.mgh ./tmp.mris_preproc.8771/Arkhipova_Elena.15.mgh ./tmp.mris_preproc.8771/Rekubratskiy_Vitaliy.16.mgh ./tmp.mris_preproc.8771/Slobodskoy_Yaroslav.17.mgh ./tmp.mris_preproc.8771/Trufanova_Zhenya.18.mgh ./tmp.mris_preproc.8771/Chukhutova_Galina.19.mgh ./tmp.mris_preproc.8771/Sokolov_Boris.20.mgh ./tmp.mris_preproc.8771/Vlasova_Roza.21.mgh ./tmp.mris_preproc.8771/Filimonov_Rodion.22.mgh ./tmp.mris_preproc.8771/Yarmolova_Elena.23.mgh ./tmp.mris_preproc.8771/Spiridonov_Arseniy.24.mgh ./tmp.mris_preproc.8771/Budulev_Nikita.25.mgh ./tmp.mris_preproc.8771/Kozlov_Alexey.26.mgh ./tmp.mris_preproc.8771/Lomakin_Dmitriy.27.mgh --o rh.pial.avg.area.mgh --mean
ninputs = 27
Checking inputs
nframestot = 27
Allocing output
nframes = 27
Computing mean across frames
Writing to rh.pial.avg.area.mgh



Cleaning up
-----------------------
rm -r ./tmp.mris_preproc.8771
Mon Apr 18 23:51:38 MSK 2016
mris_preproc done
